Watching for file changes with StatReloader
[23/May/2026 07:48:25] "POST /api/users/register/ HTTP/1.1" 201 110
[23/May/2026 07:48:27] "OPTIONS /api/token/ HTTP/1.1" 200 0
/home/jules/.pyenv/versions/3.12.13/lib/python3.12/site-packages/jwt/api_jwt.py:147: InsecureKeyLengthWarning: The HMAC key is 9 bytes long, which is below the minimum recommended length of 32 bytes for SHA256. See RFC 7518 Section 3.2.
  return self._jws.encode(
[23/May/2026 07:48:27] "POST /api/token/ HTTP/1.1" 200 483
[23/May/2026 07:48:27] "OPTIONS /api/users/profile/ HTTP/1.1" 200 0
/home/jules/.pyenv/versions/3.12.13/lib/python3.12/site-packages/jwt/api_jwt.py:368: InsecureKeyLengthWarning: The HMAC key is 9 bytes long, which is below the minimum recommended length of 32 bytes for SHA256. See RFC 7518 Section 3.2.
  decoded = self.decode_complete(
[23/May/2026 07:48:27] "GET /api/users/profile/ HTTP/1.1" 200 158
Bad Request: /api/users/profile/
[23/May/2026 07:48:28] "PUT /api/users/profile/ HTTP/1.1" 400 113
[23/May/2026 07:48:33] "POST /api/users/register/ HTTP/1.1" 201 110
[23/May/2026 07:48:35] "OPTIONS /api/users/register/ HTTP/1.1" 200 0
[23/May/2026 07:48:36] "POST /api/users/register/ HTTP/1.1" 201 111
[23/May/2026 07:48:37] "POST /api/token/ HTTP/1.1" 200 486
[23/May/2026 07:48:37] "GET /api/users/profile/ HTTP/1.1" 200 159
[23/May/2026 07:48:39] "OPTIONS /api/users/change-password/ HTTP/1.1" 200 0
[23/May/2026 07:48:40] "POST /api/users/change-password/ HTTP/1.1" 200 25
[23/May/2026 07:48:41] "POST /api/token/ HTTP/1.1" 200 486
[23/May/2026 07:48:41] "GET /api/users/profile/ HTTP/1.1" 200 159
[23/May/2026 07:50:58] "POST /api/users/register/ HTTP/1.1" 201 110
[23/May/2026 07:51:00] "OPTIONS /api/token/ HTTP/1.1" 200 0
[23/May/2026 07:51:01] "POST /api/token/ HTTP/1.1" 200 486
[23/May/2026 07:51:01] "OPTIONS /api/users/profile/ HTTP/1.1" 200 0
[23/May/2026 07:51:01] "GET /api/users/profile/ HTTP/1.1" 200 158
Bad Request: /api/users/profile/
[23/May/2026 07:51:01] "PUT /api/users/profile/ HTTP/1.1" 400 113
[23/May/2026 07:51:06] "POST /api/users/register/ HTTP/1.1" 201 110
[23/May/2026 07:51:09] "OPTIONS /api/users/register/ HTTP/1.1" 200 0
[23/May/2026 07:51:09] "POST /api/users/register/ HTTP/1.1" 201 111
[23/May/2026 07:51:10] "POST /api/token/ HTTP/1.1" 200 486
[23/May/2026 07:51:10] "GET /api/users/profile/ HTTP/1.1" 200 159
[23/May/2026 07:51:12] "OPTIONS /api/users/change-password/ HTTP/1.1" 200 0
[23/May/2026 07:51:13] "POST /api/users/change-password/ HTTP/1.1" 200 25
[23/May/2026 07:51:15] "POST /api/token/ HTTP/1.1" 200 486
[23/May/2026 07:51:15] "GET /api/users/profile/ HTTP/1.1" 200 159
[23/May/2026 07:52:58] "POST /api/users/register/ HTTP/1.1" 201 78
[23/May/2026 07:52:59] "POST /api/token/ HTTP/1.1" 200 486
[23/May/2026 07:52:59] "PUT /api/users/profile/ HTTP/1.1" 200 119
[23/May/2026 07:53:27] "POST /api/token/ HTTP/1.1" 200 486
[23/May/2026 07:53:27] "PUT /api/users/profile/ HTTP/1.1" 200 131
[23/May/2026 07:53:53] "POST /api/token/ HTTP/1.1" 200 486
Bad Request: /api/users/profile/
[23/May/2026 07:53:53] "PUT /api/users/profile/ HTTP/1.1" 400 113
[23/May/2026 07:55:28] "POST /api/users/register/ HTTP/1.1" 201 110
[23/May/2026 07:55:30] "OPTIONS /api/token/ HTTP/1.1" 200 0
[23/May/2026 07:55:30] "POST /api/token/ HTTP/1.1" 200 486
[23/May/2026 07:55:31] "OPTIONS /api/users/profile/ HTTP/1.1" 200 0
[23/May/2026 07:55:31] "GET /api/users/profile/ HTTP/1.1" 200 158
Bad Request: /api/users/profile/
[23/May/2026 07:55:31] "PUT /api/users/profile/ HTTP/1.1" 400 113
[23/May/2026 07:55:36] "POST /api/users/register/ HTTP/1.1" 201 110
[23/May/2026 07:55:39] "OPTIONS /api/users/register/ HTTP/1.1" 200 0
[23/May/2026 07:55:39] "POST /api/users/register/ HTTP/1.1" 201 111
[23/May/2026 07:55:41] "POST /api/token/ HTTP/1.1" 200 486
[23/May/2026 07:55:41] "GET /api/users/profile/ HTTP/1.1" 200 159
[23/May/2026 07:55:42] "OPTIONS /api/users/change-password/ HTTP/1.1" 200 0
[23/May/2026 07:55:43] "POST /api/users/change-password/ HTTP/1.1" 200 25
[23/May/2026 07:55:45] "POST /api/token/ HTTP/1.1" 200 486
[23/May/2026 07:55:45] "GET /api/users/profile/ HTTP/1.1" 200 159
[23/May/2026 07:56:20] "POST /api/token/ HTTP/1.1" 200 486
[23/May/2026 07:56:45] "POST /api/token/ HTTP/1.1" 200 486
Bad Request: /api/users/profile/
[23/May/2026 07:56:45] "PUT /api/users/profile/ HTTP/1.1" 400 113
[23/May/2026 07:57:56] "POST /api/users/register/ HTTP/1.1" 201 110
[23/May/2026 07:57:57] "OPTIONS /api/token/ HTTP/1.1" 200 0
[23/May/2026 07:57:58] "POST /api/token/ HTTP/1.1" 200 486
[23/May/2026 07:57:58] "OPTIONS /api/users/profile/ HTTP/1.1" 200 0
[23/May/2026 07:57:58] "GET /api/users/profile/ HTTP/1.1" 200 158
[23/May/2026 07:57:59] "PUT /api/users/profile/ HTTP/1.1" 200 220
[23/May/2026 07:57:59] "GET /media/profiles/test_image_ZRyH0xw.jpg HTTP/1.1" 200 823
[23/May/2026 07:57:59,349] - Broken pipe from ('127.0.0.1', 39842)
[23/May/2026 07:57:59] "POST /api/users/register/ HTTP/1.1" 201 110
[23/May/2026 07:58:02] "OPTIONS /api/users/register/ HTTP/1.1" 200 0
[23/May/2026 07:58:02] "POST /api/users/register/ HTTP/1.1" 201 111
[23/May/2026 07:58:04] "POST /api/token/ HTTP/1.1" 200 486
[23/May/2026 07:58:04] "GET /api/users/profile/ HTTP/1.1" 200 159
[23/May/2026 07:58:05] "OPTIONS /api/users/change-password/ HTTP/1.1" 200 0
[23/May/2026 07:58:06] "POST /api/users/change-password/ HTTP/1.1" 200 25
[23/May/2026 07:58:08] "POST /api/token/ HTTP/1.1" 200 486
[23/May/2026 07:58:08] "GET /api/users/profile/ HTTP/1.1" 200 159
Unauthorized: /api/users/profile/
[23/May/2026 07:59:01] "GET /api/users/profile/ HTTP/1.1" 401 183
Unauthorized: /api/users/profile/
[23/May/2026 07:59:01] "GET /api/users/profile/ HTTP/1.1" 401 58
[23/May/2026 07:59:35] "POST /api/users/register/ HTTP/1.1" 201 124
Bad Request: /api/users/register/
[23/May/2026 07:59:35] "POST /api/users/register/ HTTP/1.1" 400 58
[23/May/2026 07:59:35] "POST /api/token/ HTTP/1.1" 200 486
Unauthorized: /api/token/
[23/May/2026 07:59:36] "POST /api/token/ HTTP/1.1" 401 63
[23/May/2026 07:59:36] "POST /api/token/refresh/ HTTP/1.1" 200 242
Unauthorized: /api/token/refresh/
[23/May/2026 07:59:36] "POST /api/token/refresh/ HTTP/1.1" 401 65
[23/May/2026 07:59:37] "POST /api/users/register/ HTTP/1.1" 201 132
[23/May/2026 07:59:38] "POST /api/token/ HTTP/1.1" 200 486
[23/May/2026 07:59:38] "POST /api/dependents/ HTTP/1.1" 201 171
[23/May/2026 07:59:38] "POST /api/dependents/ HTTP/1.1" 201 169
[23/May/2026 07:59:38] "GET /api/users/profile/ HTTP/1.1" 200 191
Unauthorized: /api/users/profile/
[23/May/2026 07:59:38] "GET /api/users/profile/ HTTP/1.1" 401 58
Unauthorized: /api/users/profile/
[23/May/2026 08:13:47] "GET /api/users/profile/ HTTP/1.1" 401 183
Unauthorized: /api/users/profile/
[23/May/2026 08:13:47] "GET /api/users/profile/ HTTP/1.1" 401 58
Unauthorized: /api/users/profile/
[23/May/2026 08:15:09] "GET /api/users/profile/ HTTP/1.1" 401 183
Unauthorized: /api/users/profile/
[23/May/2026 08:15:09] "GET /api/users/profile/ HTTP/1.1" 401 58
Unauthorized: /api/users/profile/
[23/May/2026 08:15:09] "PUT /api/users/profile/ HTTP/1.1" 401 183
[23/May/2026 08:15:47] "POST /api/users/register/ HTTP/1.1" 201 124
Bad Request: /api/users/register/
[23/May/2026 08:15:47] "POST /api/users/register/ HTTP/1.1" 400 58
[23/May/2026 08:15:48] "POST /api/token/ HTTP/1.1" 200 486
Unauthorized: /api/token/
[23/May/2026 08:15:49] "POST /api/token/ HTTP/1.1" 401 63
[23/May/2026 08:15:49] "POST /api/token/refresh/ HTTP/1.1" 200 242
Unauthorized: /api/token/refresh/
[23/May/2026 08:15:49] "POST /api/token/refresh/ HTTP/1.1" 401 65
[23/May/2026 08:15:50] "POST /api/users/register/ HTTP/1.1" 201 132
[23/May/2026 08:15:50] "POST /api/token/ HTTP/1.1" 200 486
[23/May/2026 08:15:50] "POST /api/dependents/ HTTP/1.1" 201 171
[23/May/2026 08:15:50] "POST /api/dependents/ HTTP/1.1" 201 169
[23/May/2026 08:15:50] "GET /api/users/profile/ HTTP/1.1" 200 191
Unauthorized: /api/users/profile/
[23/May/2026 08:15:50] "GET /api/users/profile/ HTTP/1.1" 401 58
Bad Request: /api/users/profile/
[23/May/2026 08:15:50] "PUT /api/users/profile/ HTTP/1.1" 400 113
[23/May/2026 08:16:50] "POST /api/token/ HTTP/1.1" 200 486
Bad Request: /api/users/profile/
[23/May/2026 08:16:50] "PUT /api/users/profile/ HTTP/1.1" 400 113
[23/May/2026 08:17:52] "POST /api/token/ HTTP/1.1" 200 486
[23/May/2026 08:17:52] "PUT /api/users/profile/ HTTP/1.1" 200 188
Unauthorized: /api/users/profile/
[23/May/2026 08:18:51] "GET /api/users/profile/ HTTP/1.1" 401 183
Unauthorized: /api/users/profile/
[23/May/2026 08:18:51] "GET /api/users/profile/ HTTP/1.1" 401 58
Unauthorized: /api/users/profile/
[23/May/2026 08:18:51] "PUT /api/users/profile/ HTTP/1.1" 401 183
[23/May/2026 08:19:21] "POST /api/users/register/ HTTP/1.1" 201 124
Bad Request: /api/users/register/
[23/May/2026 08:19:21] "POST /api/users/register/ HTTP/1.1" 400 58
[23/May/2026 08:19:21] "POST /api/token/ HTTP/1.1" 200 486
Unauthorized: /api/token/
[23/May/2026 08:19:22] "POST /api/token/ HTTP/1.1" 401 63
[23/May/2026 08:19:22] "POST /api/token/refresh/ HTTP/1.1" 200 242
Unauthorized: /api/token/refresh/
[23/May/2026 08:19:22] "POST /api/token/refresh/ HTTP/1.1" 401 65
[23/May/2026 08:19:23] "POST /api/users/register/ HTTP/1.1" 201 132
[23/May/2026 08:19:24] "POST /api/token/ HTTP/1.1" 200 486
[23/May/2026 08:19:24] "POST /api/dependents/ HTTP/1.1" 201 171
[23/May/2026 08:19:24] "POST /api/dependents/ HTTP/1.1" 201 169
[23/May/2026 08:19:24] "GET /api/users/profile/ HTTP/1.1" 200 191
Unauthorized: /api/users/profile/
[23/May/2026 08:19:24] "GET /api/users/profile/ HTTP/1.1" 401 58
[23/May/2026 08:19:24] "PUT /api/users/profile/ HTTP/1.1" 200 255
[23/May/2026 08:20:24] "POST /api/users/register/ HTTP/1.1" 201 124
Bad Request: /api/users/register/
[23/May/2026 08:20:24] "POST /api/users/register/ HTTP/1.1" 400 58
[23/May/2026 08:20:25] "POST /api/token/ HTTP/1.1" 200 486
Unauthorized: /api/token/
[23/May/2026 08:20:26] "POST /api/token/ HTTP/1.1" 401 63
[23/May/2026 08:20:26] "POST /api/token/refresh/ HTTP/1.1" 200 242
Unauthorized: /api/token/refresh/
[23/May/2026 08:20:26] "POST /api/token/refresh/ HTTP/1.1" 401 65
[23/May/2026 08:20:26] "POST /api/users/register/ HTTP/1.1" 201 132
[23/May/2026 08:20:27] "POST /api/token/ HTTP/1.1" 200 486
[23/May/2026 08:20:27] "POST /api/dependents/ HTTP/1.1" 201 171
[23/May/2026 08:20:27] "POST /api/dependents/ HTTP/1.1" 201 169
[23/May/2026 08:20:27] "GET /api/users/profile/ HTTP/1.1" 200 191
Unauthorized: /api/users/profile/
[23/May/2026 08:20:27] "GET /api/users/profile/ HTTP/1.1" 401 58
[23/May/2026 08:21:49] "POST /api/users/register/ HTTP/1.1" 201 124
Bad Request: /api/users/register/
[23/May/2026 08:21:49] "POST /api/users/register/ HTTP/1.1" 400 58
[23/May/2026 08:21:50] "POST /api/token/ HTTP/1.1" 200 486
Unauthorized: /api/token/
[23/May/2026 08:21:50] "POST /api/token/ HTTP/1.1" 401 63
[23/May/2026 08:21:50] "POST /api/token/refresh/ HTTP/1.1" 200 242
Unauthorized: /api/token/refresh/
[23/May/2026 08:21:50] "POST /api/token/refresh/ HTTP/1.1" 401 65
[23/May/2026 08:21:51] "POST /api/users/register/ HTTP/1.1" 201 132
[23/May/2026 08:21:52] "POST /api/token/ HTTP/1.1" 200 486
[23/May/2026 08:21:52] "POST /api/dependents/ HTTP/1.1" 201 171
[23/May/2026 08:21:52] "POST /api/dependents/ HTTP/1.1" 201 170
[23/May/2026 08:21:52] "GET /api/users/profile/ HTTP/1.1" 200 191
Unauthorized: /api/users/profile/
[23/May/2026 08:21:52] "GET /api/users/profile/ HTTP/1.1" 401 58
[23/May/2026 08:25:10] "POST /api/users/register/ HTTP/1.1" 201 124
Bad Request: /api/users/register/
[23/May/2026 08:25:10] "POST /api/users/register/ HTTP/1.1" 400 58
[23/May/2026 08:25:10] "POST /api/token/ HTTP/1.1" 200 486
Unauthorized: /api/token/
[23/May/2026 08:25:11] "POST /api/token/ HTTP/1.1" 401 63
[23/May/2026 08:25:11] "POST /api/token/refresh/ HTTP/1.1" 200 242
Unauthorized: /api/token/refresh/
[23/May/2026 08:25:11] "POST /api/token/refresh/ HTTP/1.1" 401 65
[23/May/2026 08:25:12] "POST /api/users/register/ HTTP/1.1" 201 132
[23/May/2026 08:25:13] "POST /api/token/ HTTP/1.1" 200 486
[23/May/2026 08:25:13] "POST /api/dependents/ HTTP/1.1" 201 172
[23/May/2026 08:25:13] "POST /api/dependents/ HTTP/1.1" 201 170
[23/May/2026 08:25:13] "GET /api/users/profile/ HTTP/1.1" 200 191
Unauthorized: /api/users/profile/
[23/May/2026 08:25:13] "GET /api/users/profile/ HTTP/1.1" 401 58
[23/May/2026 08:27:06] "POST /api/users/register/ HTTP/1.1" 201 124
Bad Request: /api/users/register/
[23/May/2026 08:27:07] "POST /api/users/register/ HTTP/1.1" 400 58
[23/May/2026 08:27:07] "POST /api/token/ HTTP/1.1" 200 486
Unauthorized: /api/token/
[23/May/2026 08:27:08] "POST /api/token/ HTTP/1.1" 401 63
[23/May/2026 08:27:08] "POST /api/token/refresh/ HTTP/1.1" 200 242
Unauthorized: /api/token/refresh/
[23/May/2026 08:27:08] "POST /api/token/refresh/ HTTP/1.1" 401 65
[23/May/2026 08:27:09] "POST /api/users/register/ HTTP/1.1" 201 132
[23/May/2026 08:27:09] "POST /api/token/ HTTP/1.1" 200 486
[23/May/2026 08:27:09] "POST /api/dependents/ HTTP/1.1" 201 172
[23/May/2026 08:27:09] "POST /api/dependents/ HTTP/1.1" 201 170
[23/May/2026 08:27:09] "GET /api/users/profile/ HTTP/1.1" 200 191
Unauthorized: /api/users/profile/
[23/May/2026 08:27:09] "GET /api/users/profile/ HTTP/1.1" 401 58
[23/May/2026 08:27:09] "PUT /api/users/profile/ HTTP/1.1" 200 255
[23/May/2026 08:30:32] "POST /api/users/register/ HTTP/1.1" 201 110
[23/May/2026 08:30:35] "OPTIONS /api/token/ HTTP/1.1" 200 0
[23/May/2026 08:30:36] "POST /api/token/ HTTP/1.1" 200 486
[23/May/2026 08:30:36] "OPTIONS /api/users/profile/ HTTP/1.1" 200 0
[23/May/2026 08:30:36] "GET /api/users/profile/ HTTP/1.1" 200 158
[23/May/2026 08:30:38] "PUT /api/users/profile/ HTTP/1.1" 200 220
[23/May/2026 08:30:38] "GET /media/profiles/test_image_zmsw2DT.jpg HTTP/1.1" 200 823
[23/May/2026 08:30:38] "POST /api/users/register/ HTTP/1.1" 201 110
[23/May/2026 08:30:41] "OPTIONS /api/users/register/ HTTP/1.1" 200 0
[23/May/2026 08:30:41] "POST /api/users/register/ HTTP/1.1" 201 111
[23/May/2026 08:30:43] "POST /api/token/ HTTP/1.1" 200 486
[23/May/2026 08:30:43] "GET /api/users/profile/ HTTP/1.1" 200 159
[23/May/2026 08:30:44] "OPTIONS /api/users/change-password/ HTTP/1.1" 200 0
[23/May/2026 08:30:45] "POST /api/users/change-password/ HTTP/1.1" 200 25
[23/May/2026 08:30:47] "POST /api/token/ HTTP/1.1" 200 486
[23/May/2026 08:30:47] "GET /api/users/profile/ HTTP/1.1" 200 159
Unauthorized: /api/users/profile/
[23/May/2026 08:31:45] "GET /api/users/profile/ HTTP/1.1" 401 183
Unauthorized: /api/users/profile/
[23/May/2026 08:31:45] "GET /api/users/profile/ HTTP/1.1" 401 58
Unauthorized: /api/users/profile/
[23/May/2026 08:31:45] "PUT /api/users/profile/ HTTP/1.1" 401 183
[23/May/2026 08:32:13] "POST /api/users/register/ HTTP/1.1" 201 124
Bad Request: /api/users/register/
[23/May/2026 08:32:13] "POST /api/users/register/ HTTP/1.1" 400 58
[23/May/2026 08:32:14] "POST /api/token/ HTTP/1.1" 200 486
Unauthorized: /api/token/
[23/May/2026 08:32:14] "POST /api/token/ HTTP/1.1" 401 63
[23/May/2026 08:32:14] "POST /api/token/refresh/ HTTP/1.1" 200 242
Unauthorized: /api/token/refresh/
[23/May/2026 08:32:15] "POST /api/token/refresh/ HTTP/1.1" 401 65
[23/May/2026 08:32:15] "POST /api/users/register/ HTTP/1.1" 201 132
[23/May/2026 08:32:16] "POST /api/token/ HTTP/1.1" 200 486
[23/May/2026 08:32:16] "POST /api/dependents/ HTTP/1.1" 201 172
[23/May/2026 08:32:16] "POST /api/dependents/ HTTP/1.1" 201 170
[23/May/2026 08:32:16] "GET /api/users/profile/ HTTP/1.1" 200 191
Unauthorized: /api/users/profile/
[23/May/2026 08:32:16] "GET /api/users/profile/ HTTP/1.1" 401 58
[23/May/2026 08:32:16] "PUT /api/users/profile/ HTTP/1.1" 200 255
[23/May/2026 08:33:05] "POST /api/users/register/ HTTP/1.1" 201 81
[23/May/2026 08:33:06] "OPTIONS /api/token/ HTTP/1.1" 200 0
[23/May/2026 08:33:06] "POST /api/token/ HTTP/1.1" 200 486
[23/May/2026 08:33:06] "OPTIONS /api/users/profile/ HTTP/1.1" 200 0
[23/May/2026 08:33:07] "GET /api/users/profile/ HTTP/1.1" 200 132
